Added Component: Designator=C1(C0603_L)
Add component (AddParameter): Name = "BOM名称"; Value = "无极性贴片电容"; VariantName = "[No Variations]"
Add component (AddParameter): Name = "联系卖家，免费查找封装"; Value = "唯一出售店铺网址https://shop463601444.taobao.com"; VariantName = "[No Variations]"
Added Component: Designator=C2(C0402_L)
Add component (AddParameter): Name = "BOM名称"; Value = "无极性贴片电容"; VariantName = "[No Variations]"
Add component (AddParameter): Name = "联系卖家，免费查找封装"; Value = "唯一出售店铺网址https://shop463601444.taobao.com"; VariantName = "[No Variations]"
Added Component: Designator=C3(C0603_L)
Add component (AddParameter): Name = "BOM名称"; Value = "无极性贴片电容"; VariantName = "[No Variations]"
Add component (AddParameter): Name = "联系卖家，免费查找封装"; Value = "唯一出售店铺网址https://shop463601444.taobao.com"; VariantName = "[No Variations]"
Added Component: Designator=C4(C0402_L)
Add component (AddParameter): Name = "BOM名称"; Value = "无极性贴片电容"; VariantName = "[No Variations]"
Add component (AddParameter): Name = "联系卖家，免费查找封装"; Value = "唯一出售店铺网址https://shop463601444.taobao.com"; VariantName = "[No Variations]"
Added Component: Designator=J1(1.28‘LCD)
Added Component: Designator=J2(1.28’Touch)
Added Component: Designator=JP1(FPC05-10-12-RL-MA-G)
Add component (AddParameter): Name = "BOM名称"; Value = "12P连接器"; VariantName = "[No Variations]"
Add component (AddParameter): Name = "联系卖家 免费技术支持"; Value = "封装库来自淘宝卖家ID：黄晶宝石"; VariantName = "[No Variations]"
Add component (AddParameter): Name = "联系卖家 免费查找封装"; Value = "唯一出售店铺网址https://shop463601444.taobao.com"; VariantName = "[No Variations]"
Added Component: Designator=R1(R0402_L)
Add component (AddParameter): Name = "BOM名称"; Value = "贴片电阻"; VariantName = "[No Variations]"
Add component (AddParameter): Name = "联系卖家，免费查找封装"; Value = "唯一出售店铺网址https://shop463601444.taobao.com"; VariantName = "[No Variations]"
Added Component: Designator=R2(R0402_L)
Add component (AddParameter): Name = "BOM名称"; Value = "贴片电阻"; VariantName = "[No Variations]"
Add component (AddParameter): Name = "联系卖家，免费查找封装"; Value = "唯一出售店铺网址https://shop463601444.taobao.com"; VariantName = "[No Variations]"
Added Component: Designator=R3(R0402_L)
Add component (AddParameter): Name = "BOM名称"; Value = "贴片电阻"; VariantName = "[No Variations]"
Add component (AddParameter): Name = "联系卖家，免费查找封装"; Value = "唯一出售店铺网址https://shop463601444.taobao.com"; VariantName = "[No Variations]"
Added Component: Designator=U1(DFN2X2-8L)
Added Pin To Net: NetName=GND Pin=C1-1
Added Pin To Net: NetName=GND Pin=C2-1
Added Pin To Net: NetName=GND Pin=C3-1
Added Pin To Net: NetName=GND Pin=C4-1
Added Pin To Net: NetName=GND Pin=J1-1
Added Pin To Net: NetName=GND Pin=J1-5
Added Pin To Net: NetName=GND Pin=J1-6
Added Pin To Net: NetName=GND Pin=J1-12
Added Pin To Net: NetName=GND Pin=J2-2
Added Pin To Net: NetName=GND Pin=JP1-2
Added Pin To Net: NetName=GND Pin=U1-1
Added Pin To Net: NetName=GND Pin=U1-4
Added Pin To Net: NetName=GND Pin=U1-9
Added Net: Name=GND
Added Pin To Net: NetName=LCD_BL Pin=JP1-3
Added Pin To Net: NetName=LCD_BL Pin=U1-2
Added Net: Name=LCD_BL
Added Pin To Net: NetName=LCD_CS Pin=J1-8
Added Pin To Net: NetName=LCD_CS Pin=JP1-5
Added Net: Name=LCD_CS
Added Pin To Net: NetName=LCD_DC Pin=J1-7
Added Pin To Net: NetName=LCD_DC Pin=JP1-4
Added Net: Name=LCD_DC
Added Pin To Net: NetName=LCD_RST Pin=J1-11
Added Pin To Net: NetName=LCD_RST Pin=JP1-8
Added Net: Name=LCD_RST
Added Pin To Net: NetName=LCD_SCL Pin=J1-9
Added Pin To Net: NetName=LCD_SCL Pin=JP1-6
Added Net: Name=LCD_SCL
Added Pin To Net: NetName=LCD_SDA Pin=J1-10
Added Pin To Net: NetName=LCD_SDA Pin=JP1-7
Added Net: Name=LCD_SDA
Added Pin To Net: NetName=NetR1_2 Pin=R1-2
Added Pin To Net: NetName=NetR1_2 Pin=U1-5
Added Net: Name=NetR1_2
Added Pin To Net: NetName=TP_INT Pin=J2-4
Added Pin To Net: NetName=TP_INT Pin=JP1-10
Added Net: Name=TP_INT
Added Pin To Net: NetName=TP_RST Pin=J2-3
Added Pin To Net: NetName=TP_RST Pin=JP1-9
Added Net: Name=TP_RST
Added Pin To Net: NetName=TP_SCL Pin=J2-6
Added Pin To Net: NetName=TP_SCL Pin=JP1-12
Added Pin To Net: NetName=TP_SCL Pin=R3-2
Added Net: Name=TP_SCL
Added Pin To Net: NetName=TP_SDA Pin=J2-5
Added Pin To Net: NetName=TP_SDA Pin=JP1-11
Added Pin To Net: NetName=TP_SDA Pin=R2-2
Added Net: Name=TP_SDA
Added Pin To Net: NetName=VCC_3V3 Pin=C1-2
Added Pin To Net: NetName=VCC_3V3 Pin=C2-2
Added Pin To Net: NetName=VCC_3V3 Pin=C3-2
Added Pin To Net: NetName=VCC_3V3 Pin=C4-2
Added Pin To Net: NetName=VCC_3V3 Pin=J1-3
Added Pin To Net: NetName=VCC_3V3 Pin=J1-4
Added Pin To Net: NetName=VCC_3V3 Pin=J2-1
Added Pin To Net: NetName=VCC_3V3 Pin=JP1-1
Added Pin To Net: NetName=VCC_3V3 Pin=R2-1
Added Pin To Net: NetName=VCC_3V3 Pin=R3-1
Added Pin To Net: NetName=VCC_3V3 Pin=U1-3
Added Net: Name=VCC_3V3
Added Pin To Net: NetName=VLED_K Pin=J1-2
Added Pin To Net: NetName=VLED_K Pin=R1-1
Added Pin To Net: NetName=VLED_K Pin=U1-6
Added Pin To Net: NetName=VLED_K Pin=U1-7
Added Pin To Net: NetName=VLED_K Pin=U1-8
Added Net: Name=VLED_K
Added Class: Name=1.28'LCD
Added Room: Name=1.28'LCD
