Removed Pin From Net: NetName=LCD_BL Pin=JP1-3
Removed Pin From Net: NetName=LCD_DC Pin=JP1-4
Removed Pin From Net: NetName=LCD_CS Pin=JP1-5
Removed Pin From Net: NetName=LCD_SCL Pin=JP1-6
Removed Pin From Net: NetName=LCD_SDA Pin=JP1-7
Removed Pin From Net: NetName=LCD_RST Pin=JP1-8
Removed Pin From Net: NetName=TP_RST Pin=JP1-9
Removed Pin From Net: NetName=TP_INT Pin=JP1-10
Removed Pin From Net: NetName=TP_SDA Pin=JP1-11
Removed Pin From Net: NetName=TP_SCL Pin=JP1-12
Added Pin To Net: NetName=TP_SCL Pin=JP1-3
Added Pin To Net: NetName=TP_SDA Pin=JP1-4
Added Pin To Net: NetName=TP_INT Pin=JP1-5
Added Pin To Net: NetName=TP_RST Pin=JP1-6
Added Pin To Net: NetName=LCD_BL Pin=JP1-7
Added Pin To Net: NetName=LCD_DC Pin=JP1-8
Added Pin To Net: NetName=LCD_CS Pin=JP1-9
Added Pin To Net: NetName=LCD_SCL Pin=JP1-10
Added Pin To Net: NetName=LCD_SDA Pin=JP1-11
Added Pin To Net: NetName=LCD_RST Pin=JP1-12
